21:30:11,77 ExportSystem INFO Using AnkerSolixApiExport Version: 3.6.3.0, Date: 2026-06-09, Export Services: {'power_service', 'charging_energy_service', 'charging_hes_svc'}, MQTT Messages: False
21:30:11,77 ExportSystem INFO 
Querying common endpoint data...
21:30:11,77 ExportSystem INFO Querying site information...
21:30:14,40 ExportSystem INFO Querying bind devices information...
21:30:14,429 ExportSystem INFO Found 1 accessible systems (sites) and 3 devices.
21:30:14,429 ExportSystem INFO Exporting site list...
21:30:14,430 ExportSystem DEBUG post power_service/v1/site/get_site_list --> site_list.json
21:30:14,808 ExportSystem INFO Saved JSON to file y\site_list.json
21:30:14,808 ExportSystem INFO Exporting bind devices...
21:30:14,808 ExportSystem DEBUG post power_service/v1/app/get_relate_and_bind_devices --> bind_devices.json
21:30:15,285 ExportSystem INFO Saved JSON to file y\bind_devices.json
21:30:15,285 ExportSystem INFO Exporting OTA batch info for all devices...
21:30:15,286 ExportSystem DEBUG post app/ota/batch/check_update --> ota_batch.json
21:30:15,695 ExportSystem INFO Saved JSON to file y\ota_batch.json
21:30:15,695 ExportSystem INFO Exporting message unread status...
21:30:15,696 ExportSystem DEBUG get power_service/v1/get_message_unread --> message_unread.json
21:30:16,51 ExportSystem INFO Saved JSON to file y\message_unread.json
21:30:16,52 ExportSystem INFO Exporting currency list...
21:30:16,52 ExportSystem DEBUG post power_service/v1/currency/get_list --> currency_list.json
21:30:16,521 ExportSystem INFO Saved JSON to file y\currency_list.json
21:30:16,521 ExportSystem INFO Exporting supported sites, devices and accessories...
21:30:16,522 ExportSystem DEBUG post power_service/v1/site/get_site_rules --> list_site_rules.json
21:30:16,867 ExportSystem INFO Saved JSON to file y\list_site_rules.json
21:30:16,867 ExportSystem DEBUG get power_service/v1/product_categories --> list_products.json
21:30:17,324 ExportSystem INFO Saved JSON to file y\list_products.json
21:30:17,325 ExportSystem DEBUG get power_service/v1/product_accessories --> list_accessories.json
21:30:17,782 ExportSystem INFO Saved JSON to file y\list_accessories.json
21:30:17,783 ExportSystem DEBUG post power_service/v1/app/third/platform/list --> list_third_platforms.json
21:30:18,258 ExportSystem INFO Saved JSON to file y\list_third_platforms.json
21:30:18,259 ExportSystem INFO Get dynamic price sites for user account...
21:30:18,259 ExportSystem DEBUG post power_service/v1/dynamic_price/check_available --> dynamic_price_sites.json
21:30:18,622 ExportSystem INFO Saved JSON to file y\dynamic_price_sites.json
21:30:18,622 ExportSystem INFO Get user vehicle list...
21:30:18,623 ExportSystem DEBUG post power_service/v1/app/vehicle/get_vehicle_list --> user_vehicles.json
21:30:18,975 ExportSystem INFO Saved JSON to file y\user_vehicles.json
21:30:18,975 ExportSystem INFO Get details for vehicle IDs...
21:30:18,975 ExportSystem INFO Get EV brands and attributes of vehicle model(s)...
21:30:18,975 ExportSystem DEBUG post power_service/v1/app/get_brand_list --> vehicle_brands.json
21:30:19,334 ExportSystem INFO Saved JSON to file y\vehicle_brands.json
21:30:19,334 ExportSystem DEBUG post power_service/v1/app/get_models --> vehicle_brand_models_Abarth.json
21:30:19,694 ExportSystem INFO Saved JSON to file y\vehicle_brand_models_Abarth.json
21:30:19,695 ExportSystem DEBUG post power_service/v1/app/get_model_years --> vehicle_model_years_Abarth_600e_Scorpionissima.json
21:30:20,44 ExportSystem INFO Saved JSON to file y\vehicle_model_years_Abarth_600e_Scorpionissima.json
21:30:20,44 ExportSystem DEBUG post power_service/v1/app/get_model_list --> vehicle_year_attributes_Abarth_600e_Scorpionissima_2025.json
21:30:20,402 ExportSystem INFO Saved JSON to file y\vehicle_year_attributes_Abarth_600e_Scorpionissima_2025.json
21:30:20,402 ExportSystem INFO Exporting OCPP endpoints...
21:30:20,402 ExportSystem DEBUG post power_service/v1/app/get_ocpp_endpoint_list --> ocpp_endpoint_list.json
21:30:20,764 ExportSystem INFO Saved JSON to file y\ocpp_endpoint_list.json
21:30:20,764 ExportSystem INFO Exporting scene info...
21:30:20,764 ExportSystem DEBUG post power_service/v1/site/get_scen_info --> scene_492cbe8c-e2a9-b6c4-c7ee-45b3ef4260e0.json
21:30:21,228 ExportSystem INFO Saved JSON to file y\scene_492cbe8c-e2a9-b6c4-c7ee-45b3ef4260e0.json
21:30:21,229 ExportSystem INFO Exporting CO2 ranking...
21:30:21,229 ExportSystem DEBUG post power_service/v1/site/co2_ranking --> co2_ranking_492cbe8c-e2a9-b6c4-c7ee-45b3ef4260e0.json
21:30:21,590 ExportSystem INFO Saved JSON to file y\co2_ranking_492cbe8c-e2a9-b6c4-c7ee-45b3ef4260e0.json
21:30:21,591 ExportSystem INFO 
Querying power_service endpoint data...
21:30:21,591 ExportSystem INFO 
Exporting homepage...
21:30:21,591 ExportSystem DEBUG post power_service/v1/site/get_site_homepage --> homepage.json
21:30:22,84 ExportSystem INFO Saved JSON to file y\homepage.json
21:30:22,85 ExportSystem INFO Exporting user devices...
21:30:22,85 ExportSystem DEBUG post power_service/v1/site/list_user_devices --> user_devices.json
21:30:22,519 ExportSystem INFO Saved JSON to file y\user_devices.json
21:30:22,519 ExportSystem INFO Exporting charging devices...
21:30:22,520 ExportSystem DEBUG post power_service/v1/site/get_charging_device --> charging_devices.json
21:30:22,873 ExportSystem INFO Saved JSON to file y\charging_devices.json
21:30:22,874 ExportSystem INFO Exporting auto upgrade settings...
21:30:22,874 ExportSystem DEBUG post power_service/v1/app/get_auto_upgrade --> auto_upgrade.json
21:30:23,314 ExportSystem INFO Saved JSON to file y\auto_upgrade.json
21:30:23,314 ExportSystem INFO Exporting config...
21:30:23,314 ExportSystem DEBUG post power_service/v1/app/get_config --> config.json
21:30:23,665 ExportSystem INFO Saved JSON to file y\config.json
21:30:23,665 ExportSystem INFO Get token for user account...
21:30:23,666 ExportSystem DEBUG post power_service/v1/app/get_token_by_userid --> get_token.json
21:30:24,10 ExportSystem INFO Saved JSON to file y\get_token.json
21:30:24,11 ExportSystem INFO Get Shelly status with token...
21:30:24,11 ExportSystem DEBUG post power_service/v1/app/get_user_op_shelly_status --> shelly_status.json
21:30:24,361 ExportSystem INFO Saved JSON to file y\shelly_status.json
21:30:24,362 ExportSystem INFO Exporting extender system OTA info...
21:30:24,362 ExportSystem DEBUG post power_service/v1/app/get_extender_system_pn_ota --> extender_system_pn_ota.json
21:30:24,711 ExportSystem INFO Saved JSON to file y\extender_system_pn_ota.json
21:30:24,711 ExportSystem INFO Exporting extender system list...
21:30:24,711 ExportSystem DEBUG post power_service/v1/app/get_extender_system_list --> extender_system_list.json
21:30:25,74 ExportSystem INFO Saved JSON to file y\extender_system_list.json
21:30:25,75 ExportSystem INFO 
Exporting site specific data for site 492cbe8c-e2a9-b6c4-c7ee-45b3ef4260e0...
21:30:25,75 ExportSystem INFO Exporting site detail...
21:30:25,75 ExportSystem DEBUG post power_service/v1/site/get_site_detail --> site_detail_492cbe8c-e2a9-b6c4-c7ee-45b3ef4260e0.json
21:30:25,451 ExportSystem INFO Saved JSON to file y\site_detail_492cbe8c-e2a9-b6c4-c7ee-45b3ef4260e0.json
21:30:25,452 ExportSystem INFO Exporting wifi list...
21:30:25,452 ExportSystem DEBUG post power_service/v1/site/get_wifi_info_list --> wifi_list_492cbe8c-e2a9-b6c4-c7ee-45b3ef4260e0.json
21:30:25,830 ExportSystem INFO Saved JSON to file y\wifi_list_492cbe8c-e2a9-b6c4-c7ee-45b3ef4260e0.json
21:30:25,830 ExportSystem INFO Exporting installation...
21:30:25,830 ExportSystem DEBUG post power_service/v1/app/compatible/get_installation --> installation_492cbe8c-e2a9-b6c4-c7ee-45b3ef4260e0.json
21:30:26,174 ExportSystem INFO Saved JSON to file y\installation_492cbe8c-e2a9-b6c4-c7ee-45b3ef4260e0.json
21:30:26,175 ExportSystem INFO Exporting site power limit...
21:30:26,175 ExportSystem DEBUG post power_service/v1/site/get_power_limit --> power_limit_492cbe8c-e2a9-b6c4-c7ee-45b3ef4260e0.json
21:30:26,598 ExportSystem INFO Saved JSON to file y\power_limit_492cbe8c-e2a9-b6c4-c7ee-45b3ef4260e0.json
21:30:26,599 ExportSystem INFO Exporting site price...
21:30:26,599 ExportSystem DEBUG post power_service/v1/site/get_site_price --> price_492cbe8c-e2a9-b6c4-c7ee-45b3ef4260e0.json
21:30:26,974 ExportSystem INFO Saved JSON to file y\price_492cbe8c-e2a9-b6c4-c7ee-45b3ef4260e0.json
21:30:26,975 ExportSystem INFO Exporting device parameter type 1 settings...
21:30:26,975 ExportSystem DEBUG post power_service/v1/site/get_site_device_param --> device_parm_1_492cbe8c-e2a9-b6c4-c7ee-45b3ef4260e0.json
21:30:27,337 ExportSystem INFO Saved JSON to file y\device_parm_1_492cbe8c-e2a9-b6c4-c7ee-45b3ef4260e0.json
21:30:27,337 ExportSystem INFO Exporting device parameter type 2 settings...
21:30:27,338 ExportSystem DEBUG post power_service/v1/site/get_site_device_param --> device_parm_2_492cbe8c-e2a9-b6c4-c7ee-45b3ef4260e0.json
21:30:27,686 ExportSystem INFO Saved JSON to file y\device_parm_2_492cbe8c-e2a9-b6c4-c7ee-45b3ef4260e0.json
21:30:27,687 ExportSystem INFO Exporting device parameter type 3 settings...
21:30:27,687 ExportSystem DEBUG post power_service/v1/site/get_site_device_param --> device_parm_3_492cbe8c-e2a9-b6c4-c7ee-45b3ef4260e0.json
21:30:28,44 ExportSystem INFO Saved JSON to file y\device_parm_3_492cbe8c-e2a9-b6c4-c7ee-45b3ef4260e0.json
21:30:28,45 ExportSystem INFO Exporting device parameter type 4 settings...
21:30:28,45 ExportSystem DEBUG post power_service/v1/site/get_site_device_param --> device_parm_4_492cbe8c-e2a9-b6c4-c7ee-45b3ef4260e0.json
21:30:28,402 ExportSystem ERROR Api: Ian Xu, Method: POST, Endpoint: power_service/v1/site/get_site_device_param, Payload: ("{'site_id': '<siteId>', 'param_type': '4'}",)
<class 'api.errors.ItemNotFoundError'>: (10004) Anker Api Error: Failed to request.
21:30:28,403 ExportSystem INFO Exporting device parameter type 5 settings...
21:30:28,403 ExportSystem DEBUG post power_service/v1/site/get_site_device_param --> device_parm_5_492cbe8c-e2a9-b6c4-c7ee-45b3ef4260e0.json
21:30:28,756 ExportSystem INFO Saved JSON to file y\device_parm_5_492cbe8c-e2a9-b6c4-c7ee-45b3ef4260e0.json
21:30:28,756 ExportSystem INFO Exporting device parameter type 6 settings...
21:30:28,757 ExportSystem DEBUG post power_service/v1/site/get_site_device_param --> device_parm_6_492cbe8c-e2a9-b6c4-c7ee-45b3ef4260e0.json
21:30:29,130 ExportSystem INFO Saved JSON to file y\device_parm_6_492cbe8c-e2a9-b6c4-c7ee-45b3ef4260e0.json
21:30:29,130 ExportSystem INFO Exporting device parameter type 7 settings...
21:30:29,131 ExportSystem DEBUG post power_service/v1/site/get_site_device_param --> device_parm_7_492cbe8c-e2a9-b6c4-c7ee-45b3ef4260e0.json
21:30:29,495 ExportSystem INFO Saved JSON to file y\device_parm_7_492cbe8c-e2a9-b6c4-c7ee-45b3ef4260e0.json
21:30:29,496 ExportSystem INFO Exporting device parameter type 12 settings...
21:30:29,496 ExportSystem DEBUG post power_service/v1/site/get_site_device_param --> device_parm_12_492cbe8c-e2a9-b6c4-c7ee-45b3ef4260e0.json
21:30:29,848 ExportSystem INFO Saved JSON to file y\device_parm_12_492cbe8c-e2a9-b6c4-c7ee-45b3ef4260e0.json
21:30:29,849 ExportSystem INFO Exporting device parameter type 13 settings...
21:30:29,849 ExportSystem DEBUG post power_service/v1/site/get_site_device_param --> device_parm_13_492cbe8c-e2a9-b6c4-c7ee-45b3ef4260e0.json
21:30:30,204 ExportSystem INFO Saved JSON to file y\device_parm_13_492cbe8c-e2a9-b6c4-c7ee-45b3ef4260e0.json
21:30:30,205 ExportSystem INFO Exporting device parameter type 16 settings...
21:30:30,205 ExportSystem DEBUG post power_service/v1/site/get_site_device_param --> device_parm_16_492cbe8c-e2a9-b6c4-c7ee-45b3ef4260e0.json
21:30:30,561 ExportSystem INFO Saved JSON to file y\device_parm_16_492cbe8c-e2a9-b6c4-c7ee-45b3ef4260e0.json
21:30:30,561 ExportSystem INFO Exporting device parameter type 18 settings...
21:30:30,561 ExportSystem DEBUG post power_service/v1/site/get_site_device_param --> device_parm_18_492cbe8c-e2a9-b6c4-c7ee-45b3ef4260e0.json
21:30:30,924 ExportSystem INFO Saved JSON to file y\device_parm_18_492cbe8c-e2a9-b6c4-c7ee-45b3ef4260e0.json
21:30:30,925 ExportSystem INFO Exporting device parameter type 20 settings...
21:30:30,925 ExportSystem DEBUG post power_service/v1/site/get_site_device_param --> device_parm_20_492cbe8c-e2a9-b6c4-c7ee-45b3ef4260e0.json
21:30:31,280 ExportSystem INFO Saved JSON to file y\device_parm_20_492cbe8c-e2a9-b6c4-c7ee-45b3ef4260e0.json
21:30:31,281 ExportSystem INFO Exporting device parameter type 23 settings...
21:30:31,281 ExportSystem DEBUG post power_service/v1/site/get_site_device_param --> device_parm_23_492cbe8c-e2a9-b6c4-c7ee-45b3ef4260e0.json
21:30:31,634 ExportSystem INFO Saved JSON to file y\device_parm_23_492cbe8c-e2a9-b6c4-c7ee-45b3ef4260e0.json
21:30:31,635 ExportSystem INFO Exporting device parameter type 26 settings...
21:30:31,635 ExportSystem DEBUG post power_service/v1/site/get_site_device_param --> device_parm_26_492cbe8c-e2a9-b6c4-c7ee-45b3ef4260e0.json
21:30:31,992 ExportSystem INFO Saved JSON to file y\device_parm_26_492cbe8c-e2a9-b6c4-c7ee-45b3ef4260e0.json
21:30:31,992 ExportSystem INFO Exporting device parameter type 27 settings...
21:30:31,992 ExportSystem DEBUG post power_service/v1/site/get_site_device_param --> device_parm_27_492cbe8c-e2a9-b6c4-c7ee-45b3ef4260e0.json
21:30:32,349 ExportSystem INFO Saved JSON to file y\device_parm_27_492cbe8c-e2a9-b6c4-c7ee-45b3ef4260e0.json
21:30:32,350 ExportSystem INFO Exporting device parameter type 28 settings...
21:30:32,350 ExportSystem DEBUG post power_service/v1/site/get_site_device_param --> device_parm_28_492cbe8c-e2a9-b6c4-c7ee-45b3ef4260e0.json
21:30:32,710 ExportSystem INFO Saved JSON to file y\device_parm_28_492cbe8c-e2a9-b6c4-c7ee-45b3ef4260e0.json
21:30:32,710 ExportSystem INFO Exporting device parameter type 29 settings...
21:30:32,710 ExportSystem DEBUG post power_service/v1/site/get_site_device_param --> device_parm_29_492cbe8c-e2a9-b6c4-c7ee-45b3ef4260e0.json
21:30:33,80 ExportSystem INFO Saved JSON to file y\device_parm_29_492cbe8c-e2a9-b6c4-c7ee-45b3ef4260e0.json
21:30:33,80 ExportSystem INFO Exporting device parameter type 30 settings...
21:30:33,80 ExportSystem DEBUG post power_service/v1/site/get_site_device_param --> device_parm_30_492cbe8c-e2a9-b6c4-c7ee-45b3ef4260e0.json
21:30:33,422 ExportSystem INFO Saved JSON to file y\device_parm_30_492cbe8c-e2a9-b6c4-c7ee-45b3ef4260e0.json
21:30:33,423 ExportSystem INFO Exporting device parameter type 31 settings...
21:30:33,423 ExportSystem DEBUG post power_service/v1/site/get_site_device_param --> device_parm_31_492cbe8c-e2a9-b6c4-c7ee-45b3ef4260e0.json
21:30:33,781 ExportSystem INFO Saved JSON to file y\device_parm_31_492cbe8c-e2a9-b6c4-c7ee-45b3ef4260e0.json
21:30:33,782 ExportSystem INFO Exporting device parameter type 33 settings...
21:30:33,782 ExportSystem DEBUG post power_service/v1/site/get_site_device_param --> device_parm_33_492cbe8c-e2a9-b6c4-c7ee-45b3ef4260e0.json
21:30:34,144 ExportSystem INFO Saved JSON to file y\device_parm_33_492cbe8c-e2a9-b6c4-c7ee-45b3ef4260e0.json
21:30:34,144 ExportSystem INFO Exporting device parameter type 34 settings...
21:30:34,144 ExportSystem DEBUG post power_service/v1/site/get_site_device_param --> device_parm_34_492cbe8c-e2a9-b6c4-c7ee-45b3ef4260e0.json
21:30:34,497 ExportSystem INFO Saved JSON to file y\device_parm_34_492cbe8c-e2a9-b6c4-c7ee-45b3ef4260e0.json
21:30:34,497 ExportSystem INFO Exporting site energy data for SOLARBANK...
21:30:34,497 ExportSystem DEBUG post power_service/v1/site/energy_analysis --> energy_solarbank_492cbe8c-e2a9-b6c4-c7ee-45b3ef4260e0.json
21:30:34,861 ExportSystem INFO Saved JSON to file y\energy_solarbank_492cbe8c-e2a9-b6c4-c7ee-45b3ef4260e0.json
21:30:34,862 ExportSystem DEBUG post power_service/v1/site/energy_analysis --> energy_solarbank_today_492cbe8c-e2a9-b6c4-c7ee-45b3ef4260e0.json
21:30:35,222 ExportSystem INFO Saved JSON to file y\energy_solarbank_today_492cbe8c-e2a9-b6c4-c7ee-45b3ef4260e0.json
21:30:35,222 ExportSystem INFO Exporting site energy data for SOLAR_PRODUCTION...
21:30:35,222 ExportSystem DEBUG post power_service/v1/site/energy_analysis --> energy_solar_production_492cbe8c-e2a9-b6c4-c7ee-45b3ef4260e0.json
21:30:35,738 ExportSystem INFO Saved JSON to file y\energy_solar_production_492cbe8c-e2a9-b6c4-c7ee-45b3ef4260e0.json
21:30:35,739 ExportSystem DEBUG post power_service/v1/site/energy_analysis --> energy_solar_production_today_492cbe8c-e2a9-b6c4-c7ee-45b3ef4260e0.json
21:30:36,150 ExportSystem INFO Saved JSON to file y\energy_solar_production_today_492cbe8c-e2a9-b6c4-c7ee-45b3ef4260e0.json
21:30:36,150 ExportSystem INFO Exporting site energy data for HOME_USAGE...
21:30:36,150 ExportSystem DEBUG post power_service/v1/site/energy_analysis --> energy_home_usage_492cbe8c-e2a9-b6c4-c7ee-45b3ef4260e0.json
21:30:36,515 ExportSystem INFO Saved JSON to file y\energy_home_usage_492cbe8c-e2a9-b6c4-c7ee-45b3ef4260e0.json
21:30:36,516 ExportSystem DEBUG post power_service/v1/site/energy_analysis --> energy_home_usage_today_492cbe8c-e2a9-b6c4-c7ee-45b3ef4260e0.json
21:30:36,879 ExportSystem INFO Saved JSON to file y\energy_home_usage_today_492cbe8c-e2a9-b6c4-c7ee-45b3ef4260e0.json
21:30:36,880 ExportSystem INFO Exporting site energy data for GRID...
21:30:36,880 ExportSystem DEBUG post power_service/v1/site/energy_analysis --> energy_grid_492cbe8c-e2a9-b6c4-c7ee-45b3ef4260e0.json
21:30:37,236 ExportSystem INFO Saved JSON to file y\energy_grid_492cbe8c-e2a9-b6c4-c7ee-45b3ef4260e0.json
21:30:37,236 ExportSystem DEBUG post power_service/v1/site/energy_analysis --> energy_grid_today_492cbe8c-e2a9-b6c4-c7ee-45b3ef4260e0.json
21:30:37,613 ExportSystem INFO Saved JSON to file y\energy_grid_today_492cbe8c-e2a9-b6c4-c7ee-45b3ef4260e0.json
21:30:37,613 ExportSystem INFO Exporting site energy data for PPS...
21:30:37,613 ExportSystem DEBUG post power_service/v1/site/energy_analysis --> energy_pps_492cbe8c-e2a9-b6c4-c7ee-45b3ef4260e0.json
21:30:37,982 ExportSystem INFO Saved JSON to file y\energy_pps_492cbe8c-e2a9-b6c4-c7ee-45b3ef4260e0.json
21:30:37,983 ExportSystem DEBUG post power_service/v1/site/energy_analysis --> energy_pps_today_492cbe8c-e2a9-b6c4-c7ee-45b3ef4260e0.json
21:30:39,245 ExportSystem INFO Saved JSON to file y\energy_pps_today_492cbe8c-e2a9-b6c4-c7ee-45b3ef4260e0.json
21:30:39,245 ExportSystem INFO Exporting site energy data for EV_CHARGER...
21:30:39,245 ExportSystem DEBUG post power_service/v1/site/energy_analysis --> energy_ev_charger_492cbe8c-e2a9-b6c4-c7ee-45b3ef4260e0.json
21:30:39,608 ExportSystem INFO Saved JSON to file y\energy_ev_charger_492cbe8c-e2a9-b6c4-c7ee-45b3ef4260e0.json
21:30:39,608 ExportSystem DEBUG post power_service/v1/site/energy_analysis --> energy_ev_charger_today_492cbe8c-e2a9-b6c4-c7ee-45b3ef4260e0.json
21:30:39,969 ExportSystem INFO Saved JSON to file y\energy_ev_charger_today_492cbe8c-e2a9-b6c4-c7ee-45b3ef4260e0.json
21:30:39,969 ExportSystem INFO 
Exporting device specific data for device SOLIX Home Power Panel SN UUBABYAH2ONIAPD4...
21:30:39,969 ExportSystem INFO Exporting power cutoff settings...
21:30:39,970 ExportSystem DEBUG post power_service/v1/app/compatible/get_power_cutoff --> power_cutoff_UUBABYAH2ONIAPD4.json
21:30:40,370 ExportSystem INFO Saved JSON to file y\power_cutoff_UUBABYAH2ONIAPD4.json
21:30:40,370 ExportSystem INFO Exporting fittings...
21:30:40,370 ExportSystem DEBUG post power_service/v1/app/get_relate_device_fittings --> device_fittings_UUBABYAH2ONIAPD4.json
21:30:40,733 ExportSystem INFO Saved JSON to file y\device_fittings_UUBABYAH2ONIAPD4.json
21:30:40,733 ExportSystem INFO Exporting load...
21:30:40,733 ExportSystem DEBUG post power_service/v1/app/device/get_device_home_load --> device_load_UUBABYAH2ONIAPD4.json
21:30:41,112 ExportSystem ERROR Api: Ian Xu, Method: POST, Endpoint: power_service/v1/app/device/get_device_home_load, Payload: ('("{\'site_id\': \'<siteId>\', \'device_sn\': \'<deviceSn>\'}",)',)
<class 'api.errors.ItemNotFoundError'>: (10004) Anker Api Error: Failed to request.
21:30:41,112 ExportSystem INFO Exporting upgrade record for device...
21:30:41,112 ExportSystem DEBUG post power_service/v1/app/get_upgrade_record --> upgrade_record_1_UUBABYAH2ONIAPD4.json
21:30:41,477 ExportSystem INFO Saved JSON to file y\upgrade_record_1_UUBABYAH2ONIAPD4.json
21:30:41,477 ExportSystem INFO Exporting device attributes...
21:30:41,477 ExportSystem DEBUG post power_service/v1/app/device/get_device_attrs --> device_attrs_UUBABYAH2ONIAPD4.json
21:30:41,879 ExportSystem INFO Saved JSON to file y\device_attrs_UUBABYAH2ONIAPD4.json
21:30:41,880 ExportSystem INFO Exporting device tamper records...
21:30:41,880 ExportSystem DEBUG post power_service/v1/device/get_tamper_records --> tamper_records_UUBABYAH2ONIAPD4.json
21:30:42,232 ExportSystem INFO Saved JSON to file y\tamper_records_UUBABYAH2ONIAPD4.json
21:30:42,232 ExportSystem INFO Exporting device group...
21:30:42,232 ExportSystem DEBUG post power_service/v1/app/group/get_group_devices --> device_group_UUBABYAH2ONIAPD4.json
21:30:42,582 ExportSystem INFO Saved JSON to file y\device_group_UUBABYAH2ONIAPD4.json
21:30:42,582 ExportSystem INFO 
Exporting device specific data for device SOLIX F3800 SN 9DNBH3D0PLDBLX1Y...
21:30:42,582 ExportSystem INFO Exporting power cutoff settings...
21:30:42,582 ExportSystem DEBUG post power_service/v1/app/compatible/get_power_cutoff --> power_cutoff_9DNBH3D0PLDBLX1Y.json
21:30:42,960 ExportSystem INFO Saved JSON to file y\power_cutoff_9DNBH3D0PLDBLX1Y.json
21:30:42,961 ExportSystem INFO Exporting fittings...
21:30:42,961 ExportSystem DEBUG post power_service/v1/app/get_relate_device_fittings --> device_fittings_9DNBH3D0PLDBLX1Y.json
21:30:43,319 ExportSystem INFO Saved JSON to file y\device_fittings_9DNBH3D0PLDBLX1Y.json
21:30:43,320 ExportSystem INFO Exporting load...
21:30:43,320 ExportSystem DEBUG post power_service/v1/app/device/get_device_home_load --> device_load_9DNBH3D0PLDBLX1Y.json
21:30:43,712 ExportSystem INFO Saved JSON to file y\device_load_9DNBH3D0PLDBLX1Y.json
21:30:43,712 ExportSystem INFO Exporting upgrade record for device...
21:30:43,712 ExportSystem DEBUG post power_service/v1/app/get_upgrade_record --> upgrade_record_1_9DNBH3D0PLDBLX1Y.json
21:30:44,233 ExportSystem INFO Saved JSON to file y\upgrade_record_1_9DNBH3D0PLDBLX1Y.json
21:30:44,234 ExportSystem INFO Exporting device attributes...
21:30:44,234 ExportSystem DEBUG post power_service/v1/app/device/get_device_attrs --> device_attrs_9DNBH3D0PLDBLX1Y.json
21:30:44,674 ExportSystem INFO Saved JSON to file y\device_attrs_9DNBH3D0PLDBLX1Y.json
21:30:44,675 ExportSystem INFO Exporting device tamper records...
21:30:44,675 ExportSystem DEBUG post power_service/v1/device/get_tamper_records --> tamper_records_9DNBH3D0PLDBLX1Y.json
21:30:45,34 ExportSystem INFO Saved JSON to file y\tamper_records_9DNBH3D0PLDBLX1Y.json
21:30:45,35 ExportSystem INFO Exporting device group...
21:30:45,35 ExportSystem DEBUG post power_service/v1/app/group/get_group_devices --> device_group_9DNBH3D0PLDBLX1Y.json
21:30:45,390 ExportSystem INFO Saved JSON to file y\device_group_9DNBH3D0PLDBLX1Y.json
21:30:45,390 ExportSystem INFO 
Exporting device specific data for device SOLIX F3800 SN QVZBH3EUZB4SZ0II...
21:30:45,391 ExportSystem INFO Exporting power cutoff settings...
21:30:45,391 ExportSystem DEBUG post power_service/v1/app/compatible/get_power_cutoff --> power_cutoff_QVZBH3EUZB4SZ0II.json
21:30:45,755 ExportSystem INFO Saved JSON to file y\power_cutoff_QVZBH3EUZB4SZ0II.json
21:30:45,756 ExportSystem INFO Exporting fittings...
21:30:45,756 ExportSystem DEBUG post power_service/v1/app/get_relate_device_fittings --> device_fittings_QVZBH3EUZB4SZ0II.json
21:30:46,113 ExportSystem INFO Saved JSON to file y\device_fittings_QVZBH3EUZB4SZ0II.json
21:30:46,114 ExportSystem INFO Exporting load...
21:30:46,114 ExportSystem DEBUG post power_service/v1/app/device/get_device_home_load --> device_load_QVZBH3EUZB4SZ0II.json
21:30:46,514 ExportSystem INFO Saved JSON to file y\device_load_QVZBH3EUZB4SZ0II.json
21:30:46,515 ExportSystem INFO Exporting upgrade record for device...
21:30:46,515 ExportSystem DEBUG post power_service/v1/app/get_upgrade_record --> upgrade_record_1_QVZBH3EUZB4SZ0II.json
21:30:46,910 ExportSystem INFO Saved JSON to file y\upgrade_record_1_QVZBH3EUZB4SZ0II.json
21:30:46,910 ExportSystem INFO Exporting device attributes...
21:30:46,910 ExportSystem DEBUG post power_service/v1/app/device/get_device_attrs --> device_attrs_QVZBH3EUZB4SZ0II.json
21:30:47,307 ExportSystem INFO Saved JSON to file y\device_attrs_QVZBH3EUZB4SZ0II.json
21:30:47,307 ExportSystem INFO Exporting device tamper records...
21:30:47,307 ExportSystem DEBUG post power_service/v1/device/get_tamper_records --> tamper_records_QVZBH3EUZB4SZ0II.json
21:30:47,672 ExportSystem INFO Saved JSON to file y\tamper_records_QVZBH3EUZB4SZ0II.json
21:30:47,673 ExportSystem INFO Exporting device group...
21:30:47,673 ExportSystem DEBUG post power_service/v1/app/group/get_group_devices --> device_group_QVZBH3EUZB4SZ0II.json
21:30:48,19 ExportSystem INFO Saved JSON to file y\device_group_QVZBH3EUZB4SZ0II.json
21:30:48,19 ExportSystem INFO 
Querying charging_energy_service endpoint data...
21:30:48,20 ExportSystem INFO Exporting Charging error info...
21:30:48,20 ExportSystem DEBUG post charging_energy_service/get_error_infos --> charging_error_info.json
21:30:48,368 ExportSystem INFO Saved JSON to file y\charging_error_info.json
21:30:48,368 ExportSystem INFO 
Exporting Charging specific data for site 492cbe8c-e2a9-b6c4-c7ee-45b3ef4260e0...
21:30:48,368 ExportSystem INFO Exporting Charging system running info...
21:30:48,368 ExportSystem DEBUG post charging_energy_service/get_system_running_info --> charging_system_running_info_492cbe8c-e2a9-b6c4-c7ee-45b3ef4260e0.json
21:30:48,827 ExportSystem INFO Saved JSON to file y\charging_system_running_info_492cbe8c-e2a9-b6c4-c7ee-45b3ef4260e0.json
21:30:48,827 ExportSystem INFO Exporting Charging site energy data for SOLAR...
21:30:48,827 ExportSystem DEBUG post charging_energy_service/energy_statistics --> charging_energy_solar_492cbe8c-e2a9-b6c4-c7ee-45b3ef4260e0.json
21:30:49,183 ExportSystem INFO Saved JSON to file y\charging_energy_solar_492cbe8c-e2a9-b6c4-c7ee-45b3ef4260e0.json
21:30:49,184 ExportSystem INFO Exporting Charging site energy data for HES...
21:30:49,184 ExportSystem DEBUG post charging_energy_service/energy_statistics --> charging_energy_hes_492cbe8c-e2a9-b6c4-c7ee-45b3ef4260e0.json
21:30:49,543 ExportSystem INFO Saved JSON to file y\charging_energy_hes_492cbe8c-e2a9-b6c4-c7ee-45b3ef4260e0.json
21:30:49,543 ExportSystem INFO Exporting Charging site energy data for PPS...
21:30:49,543 ExportSystem DEBUG post charging_energy_service/energy_statistics --> charging_energy_pps_492cbe8c-e2a9-b6c4-c7ee-45b3ef4260e0.json
21:30:49,907 ExportSystem INFO Saved JSON to file y\charging_energy_pps_492cbe8c-e2a9-b6c4-c7ee-45b3ef4260e0.json
21:30:49,907 ExportSystem INFO Exporting Charging site energy data for HOME...
21:30:49,907 ExportSystem DEBUG post charging_energy_service/energy_statistics --> charging_energy_home_492cbe8c-e2a9-b6c4-c7ee-45b3ef4260e0.json
21:30:50,264 ExportSystem INFO Saved JSON to file y\charging_energy_home_492cbe8c-e2a9-b6c4-c7ee-45b3ef4260e0.json
21:30:50,265 ExportSystem INFO Exporting Charging site energy data for GRID...
21:30:50,265 ExportSystem DEBUG post charging_energy_service/energy_statistics --> charging_energy_grid_492cbe8c-e2a9-b6c4-c7ee-45b3ef4260e0.json
21:30:50,624 ExportSystem INFO Saved JSON to file y\charging_energy_grid_492cbe8c-e2a9-b6c4-c7ee-45b3ef4260e0.json
21:30:50,624 ExportSystem INFO Exporting Charging site energy data for DIESEL...
21:30:50,625 ExportSystem DEBUG post charging_energy_service/energy_statistics --> charging_energy_diesel_492cbe8c-e2a9-b6c4-c7ee-45b3ef4260e0.json
21:30:50,987 ExportSystem INFO Saved JSON to file y\charging_energy_diesel_492cbe8c-e2a9-b6c4-c7ee-45b3ef4260e0.json
21:30:50,987 ExportSystem INFO Exporting Charging site energy data of today for SOLAR...
21:30:50,988 ExportSystem DEBUG post charging_energy_service/energy_statistics --> charging_energy_solar_today_492cbe8c-e2a9-b6c4-c7ee-45b3ef4260e0.json
21:30:51,375 ExportSystem INFO Saved JSON to file y\charging_energy_solar_today_492cbe8c-e2a9-b6c4-c7ee-45b3ef4260e0.json
21:30:51,376 ExportSystem INFO Exporting Charging site energy data of today for HES...
21:30:51,376 ExportSystem DEBUG post charging_energy_service/energy_statistics --> charging_energy_hes_today_492cbe8c-e2a9-b6c4-c7ee-45b3ef4260e0.json
21:30:51,752 ExportSystem INFO Saved JSON to file y\charging_energy_hes_today_492cbe8c-e2a9-b6c4-c7ee-45b3ef4260e0.json
21:30:51,752 ExportSystem INFO Exporting Charging site energy data of today for HOME...
21:30:51,753 ExportSystem DEBUG post charging_energy_service/energy_statistics --> charging_energy_home_today_492cbe8c-e2a9-b6c4-c7ee-45b3ef4260e0.json
21:30:52,152 ExportSystem INFO Saved JSON to file y\charging_energy_home_today_492cbe8c-e2a9-b6c4-c7ee-45b3ef4260e0.json
21:30:52,153 ExportSystem INFO Exporting Charging site energy data of today for GRID...
21:30:52,153 ExportSystem DEBUG post charging_energy_service/energy_statistics --> charging_energy_grid_today_492cbe8c-e2a9-b6c4-c7ee-45b3ef4260e0.json
21:30:52,534 ExportSystem INFO Saved JSON to file y\charging_energy_grid_today_492cbe8c-e2a9-b6c4-c7ee-45b3ef4260e0.json
21:30:52,534 ExportSystem INFO Exporting Charging site energy data of today for DIESEL...
21:30:52,534 ExportSystem DEBUG post charging_energy_service/energy_statistics --> charging_energy_diesel_today_492cbe8c-e2a9-b6c4-c7ee-45b3ef4260e0.json
21:30:52,910 ExportSystem INFO Saved JSON to file y\charging_energy_diesel_today_492cbe8c-e2a9-b6c4-c7ee-45b3ef4260e0.json
21:30:52,910 ExportSystem INFO Exporting Charging site device data report...
21:30:52,910 ExportSystem DEBUG post charging_energy_service/report_device_data --> charging_report_device_data_0_492cbe8c-e2a9-b6c4-c7ee-45b3ef4260e0.json
21:30:53,281 ExportSystem INFO Saved JSON to file y\charging_report_device_data_0_492cbe8c-e2a9-b6c4-c7ee-45b3ef4260e0.json
21:30:53,281 ExportSystem DEBUG post charging_energy_service/report_device_data --> charging_report_device_data_1_492cbe8c-e2a9-b6c4-c7ee-45b3ef4260e0.json
21:30:53,658 ExportSystem INFO Saved JSON to file y\charging_report_device_data_1_492cbe8c-e2a9-b6c4-c7ee-45b3ef4260e0.json
21:30:53,659 ExportSystem INFO 
Exporting Charging specific data for device SOLIX Home Power Panel SN UUBABYAH2ONIAPD4...
21:30:53,659 ExportSystem INFO Exporting powerpanel monetary units...
21:30:53,659 ExportSystem DEBUG post charging_energy_service/get_world_monetary_unit --> charging_monetary_units_UUBABYAH2ONIAPD4.json
21:30:54,41 ExportSystem INFO Saved JSON to file y\charging_monetary_units_UUBABYAH2ONIAPD4.json
21:30:54,41 ExportSystem INFO Exporting powerpanel configs...
21:30:54,41 ExportSystem DEBUG post charging_energy_service/get_configs --> charging_configs_UUBABYAH2ONIAPD4.json
21:30:54,429 ExportSystem INFO Saved JSON to file y\charging_configs_UUBABYAH2ONIAPD4.json
21:30:54,430 ExportSystem INFO Exporting powerpanel utility rate plan...
21:30:54,430 ExportSystem DEBUG post charging_energy_service/get_utility_rate_plan --> charging_utility_rate_plan_UUBABYAH2ONIAPD4.json
21:30:54,853 ExportSystem INFO Saved JSON to file y\charging_utility_rate_plan_UUBABYAH2ONIAPD4.json
21:30:54,854 ExportSystem INFO Exporting powerpanel info...
21:30:54,854 ExportSystem DEBUG post charging_energy_service/get_device_infos --> charging_device_info_UUBABYAH2ONIAPD4.json
21:30:55,198 ExportSystem INFO Saved JSON to file y\charging_device_info_UUBABYAH2ONIAPD4.json
21:30:55,198 ExportSystem INFO Exporting powerpanel attached device serials...
21:30:55,198 ExportSystem DEBUG post charging_energy_service/get_sns --> charging_sns_UUBABYAH2ONIAPD4.json
21:30:55,562 ExportSystem INFO Saved JSON to file y\charging_sns_UUBABYAH2ONIAPD4.json
21:30:55,562 ExportSystem INFO Exporting powerpanel wifi info...
21:30:55,562 ExportSystem DEBUG post charging_energy_service/get_wifi_info --> charging_wifi_info_UUBABYAH2ONIAPD4.json
21:30:55,935 ExportSystem INFO Saved JSON to file y\charging_wifi_info_UUBABYAH2ONIAPD4.json
21:30:55,935 ExportSystem INFO Exporting powerpanel installation inspection...
21:30:55,935 ExportSystem DEBUG post charging_energy_service/get_installation_inspection --> charging_installation_inspection_UUBABYAH2ONIAPD4.json
21:30:56,373 ExportSystem INFO Saved JSON to file y\charging_installation_inspection_UUBABYAH2ONIAPD4.json
21:30:56,373 ExportSystem INFO 
Exporting Charging specific data for device SOLIX F3800 SN 9DNBH3D0PLDBLX1Y...
21:30:56,373 ExportSystem INFO Exporting pps wifi info...
21:30:56,373 ExportSystem DEBUG post charging_energy_service/get_wifi_info --> charging_wifi_info_9DNBH3D0PLDBLX1Y.json
21:30:56,745 ExportSystem INFO Saved JSON to file y\charging_wifi_info_9DNBH3D0PLDBLX1Y.json
21:30:56,745 ExportSystem INFO Exporting pps installation inspection...
21:30:56,745 ExportSystem DEBUG post charging_energy_service/get_installation_inspection --> charging_installation_inspection_9DNBH3D0PLDBLX1Y.json
21:30:57,135 ExportSystem INFO Saved JSON to file y\charging_installation_inspection_9DNBH3D0PLDBLX1Y.json
21:30:57,135 ExportSystem INFO 
Exporting Charging specific data for device SOLIX F3800 SN QVZBH3EUZB4SZ0II...
21:30:57,135 ExportSystem INFO Exporting pps wifi info...
21:30:57,135 ExportSystem DEBUG post charging_energy_service/get_wifi_info --> charging_wifi_info_QVZBH3EUZB4SZ0II.json
21:30:57,594 ExportSystem INFO Saved JSON to file y\charging_wifi_info_QVZBH3EUZB4SZ0II.json
21:30:57,595 ExportSystem INFO Exporting pps installation inspection...
21:30:57,595 ExportSystem DEBUG post charging_energy_service/get_installation_inspection --> charging_installation_inspection_QVZBH3EUZB4SZ0II.json
21:30:57,978 ExportSystem INFO Saved JSON to file y\charging_installation_inspection_QVZBH3EUZB4SZ0II.json
21:30:57,978 ExportSystem INFO 
Querying charging_hes_svc endpoint data...
21:30:57,979 ExportSystem INFO Exporting HES product info...
21:30:57,979 ExportSystem DEBUG post charging_hes_svc/get_device_product_info --> hes_product_info.json
21:30:58,347 ExportSystem INFO Saved JSON to file y\hes_product_info.json
21:30:58,347 ExportSystem INFO 
Exporting HES specific data for site 492cbe8c-e2a9-b6c4-c7ee-45b3ef4260e0...
21:30:58,347 ExportSystem INFO Exporting HES system running info...
21:30:58,348 ExportSystem DEBUG post charging_hes_svc/get_system_running_info --> hes_system_running_info_492cbe8c-e2a9-b6c4-c7ee-45b3ef4260e0.json
21:30:58,708 ExportSystem INFO Saved JSON to file y\hes_system_running_info_492cbe8c-e2a9-b6c4-c7ee-45b3ef4260e0.json
21:30:58,709 ExportSystem INFO Exporting HES monetary units...
21:30:58,709 ExportSystem DEBUG post charging_hes_svc/get_world_monetary_unit --> hes_monetary_units_492cbe8c-e2a9-b6c4-c7ee-45b3ef4260e0.json
21:30:59,79 ExportSystem INFO Saved JSON to file y\hes_monetary_units_492cbe8c-e2a9-b6c4-c7ee-45b3ef4260e0.json
21:30:59,80 ExportSystem INFO Exporting HES site energy data for SOLAR...
21:30:59,80 ExportSystem DEBUG post charging_hes_svc/get_energy_statistics --> hes_energy_solar_492cbe8c-e2a9-b6c4-c7ee-45b3ef4260e0.json
21:30:59,486 ExportSystem ERROR Api: Ian Xu, Method: POST, Endpoint: charging_hes_svc/get_energy_statistics, Payload: ("{'siteId': '<siteId>', 'sourceType': 'solar', 'dateType': 'week', 'start': '2026-06-08', 'end': '2026-06-09'}",)
<class 'api.errors.RequestError'>: (10000) Anker Api Error: Failed to request.
21:30:59,486 ExportSystem INFO Exporting HES site energy data for HES...
21:30:59,486 ExportSystem DEBUG post charging_hes_svc/get_energy_statistics --> hes_energy_hes_492cbe8c-e2a9-b6c4-c7ee-45b3ef4260e0.json
21:30:59,850 ExportSystem ERROR Api: Ian Xu, Method: POST, Endpoint: charging_hes_svc/get_energy_statistics, Payload: ("{'siteId': '<siteId>', 'sourceType': 'hes', 'dateType': 'week', 'start': '2026-06-08', 'end': '2026-06-09'}",)
<class 'api.errors.RequestError'>: (10000) Anker Api Error: Failed to request.
21:30:59,850 ExportSystem INFO Exporting HES site energy data for HOME...
21:30:59,851 ExportSystem DEBUG post charging_hes_svc/get_energy_statistics --> hes_energy_home_492cbe8c-e2a9-b6c4-c7ee-45b3ef4260e0.json
21:31:00,207 ExportSystem ERROR Api: Ian Xu, Method: POST, Endpoint: charging_hes_svc/get_energy_statistics, Payload: ("{'siteId': '<siteId>', 'sourceType': 'home', 'dateType': 'week', 'start': '2026-06-08', 'end': '2026-06-09'}",)
<class 'api.errors.RequestError'>: (10000) Anker Api Error: Failed to request.
21:31:00,207 ExportSystem INFO Exporting HES site energy data for GRID...
21:31:00,207 ExportSystem DEBUG post charging_hes_svc/get_energy_statistics --> hes_energy_grid_492cbe8c-e2a9-b6c4-c7ee-45b3ef4260e0.json
21:31:00,567 ExportSystem ERROR Api: Ian Xu, Method: POST, Endpoint: charging_hes_svc/get_energy_statistics, Payload: ("{'siteId': '<siteId>', 'sourceType': 'grid', 'dateType': 'week', 'start': '2026-06-08', 'end': '2026-06-09'}",)
<class 'api.errors.RequestError'>: (10000) Anker Api Error: Failed to request.
21:31:00,567 ExportSystem INFO Exporting HES site energy data for EVCHARGER...
21:31:00,568 ExportSystem DEBUG post charging_hes_svc/get_energy_statistics --> hes_energy_evCharger_492cbe8c-e2a9-b6c4-c7ee-45b3ef4260e0.json
21:31:00,933 ExportSystem ERROR Api: Ian Xu, Method: POST, Endpoint: charging_hes_svc/get_energy_statistics, Payload: ("{'siteId': '<siteId>', 'sourceType': 'evCharger', 'dateType': 'week', 'start': '2026-06-08', 'end': '2026-06-09'}",)
<class 'api.errors.RequestError'>: (10000) Anker Api Error: Failed to request.
21:31:00,934 ExportSystem INFO Exporting HES site energy data for OTHERLOAD...
21:31:00,934 ExportSystem DEBUG post charging_hes_svc/get_energy_statistics --> hes_energy_otherLoad_492cbe8c-e2a9-b6c4-c7ee-45b3ef4260e0.json
21:31:01,294 ExportSystem ERROR Api: Ian Xu, Method: POST, Endpoint: charging_hes_svc/get_energy_statistics, Payload: ("{'siteId': '<siteId>', 'sourceType': 'otherLoad', 'dateType': 'week', 'start': '2026-06-08', 'end': '2026-06-09'}",)
<class 'api.errors.RequestError'>: (10000) Anker Api Error: Failed to request.
21:31:01,294 ExportSystem INFO Exporting HES site energy data of today for SOLAR...
21:31:01,294 ExportSystem DEBUG post charging_hes_svc/get_energy_statistics --> hes_energy_solar_today_492cbe8c-e2a9-b6c4-c7ee-45b3ef4260e0.json
21:31:01,663 ExportSystem ERROR Api: Ian Xu, Method: POST, Endpoint: charging_hes_svc/get_energy_statistics, Payload: ("{'siteId': '<siteId>', 'sourceType': 'solar', 'dateType': 'day', 'start': '2026-06-09', 'end': '2026-06-09'}",)
<class 'api.errors.RequestError'>: (10000) Anker Api Error: Failed to request.
21:31:01,663 ExportSystem INFO Exporting HES site energy data of today for HES...
21:31:01,663 ExportSystem DEBUG post charging_hes_svc/get_energy_statistics --> hes_energy_hes_today_492cbe8c-e2a9-b6c4-c7ee-45b3ef4260e0.json
21:31:02,26 ExportSystem ERROR Api: Ian Xu, Method: POST, Endpoint: charging_hes_svc/get_energy_statistics, Payload: ("{'siteId': '<siteId>', 'sourceType': 'hes', 'dateType': 'day', 'start': '2026-06-09', 'end': '2026-06-09'}",)
<class 'api.errors.RequestError'>: (10000) Anker Api Error: Failed to request.
21:31:02,27 ExportSystem INFO Exporting HES site energy data of today for HOME...
21:31:02,27 ExportSystem DEBUG post charging_hes_svc/get_energy_statistics --> hes_energy_home_today_492cbe8c-e2a9-b6c4-c7ee-45b3ef4260e0.json
21:31:02,397 ExportSystem ERROR Api: Ian Xu, Method: POST, Endpoint: charging_hes_svc/get_energy_statistics, Payload: ("{'siteId': '<siteId>', 'sourceType': 'home', 'dateType': 'day', 'start': '2026-06-09', 'end': '2026-06-09'}",)
<class 'api.errors.RequestError'>: (10000) Anker Api Error: Failed to request.
21:31:02,397 ExportSystem INFO Exporting HES site energy data of today for GRID...
21:31:02,397 ExportSystem DEBUG post charging_hes_svc/get_energy_statistics --> hes_energy_grid_today_492cbe8c-e2a9-b6c4-c7ee-45b3ef4260e0.json
21:31:02,753 ExportSystem ERROR Api: Ian Xu, Method: POST, Endpoint: charging_hes_svc/get_energy_statistics, Payload: ("{'siteId': '<siteId>', 'sourceType': 'grid', 'dateType': 'day', 'start': '2026-06-09', 'end': '2026-06-09'}",)
<class 'api.errors.RequestError'>: (10000) Anker Api Error: Failed to request.
21:31:02,753 ExportSystem INFO Exporting HES site energy data of today for EVCHARGER...
21:31:02,754 ExportSystem DEBUG post charging_hes_svc/get_energy_statistics --> hes_energy_evCharger_today_492cbe8c-e2a9-b6c4-c7ee-45b3ef4260e0.json
21:31:03,115 ExportSystem ERROR Api: Ian Xu, Method: POST, Endpoint: charging_hes_svc/get_energy_statistics, Payload: ("{'siteId': '<siteId>', 'sourceType': 'evCharger', 'dateType': 'day', 'start': '2026-06-09', 'end': '2026-06-09'}",)
<class 'api.errors.RequestError'>: (10000) Anker Api Error: Failed to request.
21:31:03,116 ExportSystem INFO Exporting HES site energy data of today for OTHERLOAD...
21:31:03,116 ExportSystem DEBUG post charging_hes_svc/get_energy_statistics --> hes_energy_otherLoad_today_492cbe8c-e2a9-b6c4-c7ee-45b3ef4260e0.json
21:31:03,472 ExportSystem ERROR Api: Ian Xu, Method: POST, Endpoint: charging_hes_svc/get_energy_statistics, Payload: ("{'siteId': '<siteId>', 'sourceType': 'otherLoad', 'dateType': 'day', 'start': '2026-06-09', 'end': '2026-06-09'}",)
<class 'api.errors.RequestError'>: (10000) Anker Api Error: Failed to request.
21:31:03,472 ExportSystem INFO Exporting HES site profit data for DAY...
21:31:03,472 ExportSystem DEBUG post charging_hes_svc/get_system_profit_detail --> hes_system_profit_day_492cbe8c-e2a9-b6c4-c7ee-45b3ef4260e0.json
21:31:03,834 ExportSystem INFO Saved JSON to file y\hes_system_profit_day_492cbe8c-e2a9-b6c4-c7ee-45b3ef4260e0.json
21:31:03,835 ExportSystem INFO Exporting HES site profit data for YEAR...
21:31:03,835 ExportSystem DEBUG post charging_hes_svc/get_system_profit_detail --> hes_system_profit_year_492cbe8c-e2a9-b6c4-c7ee-45b3ef4260e0.json
21:31:04,212 ExportSystem INFO Saved JSON to file y\hes_system_profit_year_492cbe8c-e2a9-b6c4-c7ee-45b3ef4260e0.json
21:31:04,213 ExportSystem INFO Exporting HES device info...
21:31:04,213 ExportSystem DEBUG post charging_hes_svc/get_hes_dev_info --> hes_dev_info_492cbe8c-e2a9-b6c4-c7ee-45b3ef4260e0.json
21:31:04,570 ExportSystem INFO Saved JSON to file y\hes_dev_info_492cbe8c-e2a9-b6c4-c7ee-45b3ef4260e0.json
21:31:04,571 ExportSystem INFO Exporting HES standalone EV chargers...
21:31:04,571 ExportSystem DEBUG post charging_hes_svc/get_user_bind_and_not_in_station_evchargers --> hes_evcharger_standalone.json
21:31:04,931 ExportSystem INFO Saved JSON to file y\hes_evcharger_standalone.json
21:31:04,931 ExportSystem INFO Exporting HES system running time...
21:31:04,931 ExportSystem DEBUG post charging_hes_svc/get_system_running_time --> hes_system_running_time_492cbe8c-e2a9-b6c4-c7ee-45b3ef4260e0.json
21:31:05,286 ExportSystem ERROR Api: Ian Xu, Method: POST, Endpoint: charging_hes_svc/get_system_running_time, Payload: ("{'siteId': '<siteId>'}",)
<class 'api.errors.RequestError'>: (10000) Anker Api Error: Failed to request.
21:31:05,286 ExportSystem INFO Exporting HES MI layout...
21:31:05,286 ExportSystem DEBUG post charging_hes_svc/get_mi_layout --> hes_mi_layout_492cbe8c-e2a9-b6c4-c7ee-45b3ef4260e0.json
21:31:05,649 ExportSystem INFO Saved JSON to file y\hes_mi_layout_492cbe8c-e2a9-b6c4-c7ee-45b3ef4260e0.json
21:31:05,649 ExportSystem INFO Exporting HES connection net tips...
21:31:05,649 ExportSystem DEBUG post charging_hes_svc/get_conn_net_tips --> hes_conn_net_tips_492cbe8c-e2a9-b6c4-c7ee-45b3ef4260e0.json
21:31:05,997 ExportSystem ERROR Api: Ian Xu, Method: POST, Endpoint: charging_hes_svc/get_conn_net_tips, Payload: ("{'siteId': '<siteId>'}",)
<class 'api.errors.RequestError'>: (10000) Anker Api Error: Failed to request.
21:31:05,997 ExportSystem INFO Exporting HES device data...
21:31:05,997 ExportSystem DEBUG post charging_hes_svc/report_device_data --> hes_report_device_data_492cbe8c-e2a9-b6c4-c7ee-45b3ef4260e0.json
21:31:06,360 ExportSystem ERROR Api: Ian Xu, Method: POST, Endpoint: charging_hes_svc/report_device_data, Payload: ("{'siteIds': ['<siteId>']}",)
<class 'api.errors.AnkerSolixError'>: (200104) Anker Api Error: The installer system does not exist
21:31:06,360 ExportSystem INFO Exporting HES heat pump plan...
21:31:06,360 ExportSystem DEBUG post charging_hes_svc/get_heat_pump_plan_json --> hes_heat_pump_plan.json
21:31:06,714 ExportSystem INFO Saved JSON to file y\hes_heat_pump_plan.json
21:31:06,715 ExportSystem INFO Exporting HES electric utility and plan list (exemplary for country 'de' and state 'nw')...
21:31:06,715 ExportSystem DEBUG post charging_hes_svc/get_electric_utility_and_electric_plan_list --> hes_electric_plan_de_nw.json
21:31:07,78 ExportSystem INFO Saved JSON to file y\hes_electric_plan_de_nw.json
21:31:07,78 ExportSystem INFO 
Exporting HES specific data for device SOLIX Home Power Panel SN UUBABYAH2ONIAPD4...
21:31:07,78 ExportSystem INFO 
Exporting HES specific data for device SOLIX F3800 SN 9DNBH3D0PLDBLX1Y...
21:31:07,78 ExportSystem INFO 
Exporting HES specific data for device SOLIX F3800 SN QVZBH3EUZB4SZ0II...
21:31:07,79 ExportSystem DEBUG Saved api Ian Xu original testfolder
21:31:07,96 ExportSystem INFO 
Exporting api Ian Xu sites cache from files...
21:31:07,97 ExportSystem DEBUG Api Ian Xu sites cache --> api_sites.json
21:31:07,98 ExportSystem INFO Saved JSON to file y\api_sites.json
21:31:07,98 ExportSystem INFO Exporting api Ian Xu devices cache from files...
21:31:07,98 ExportSystem DEBUG Api Ian Xu devices cache --> api_devices.json
21:31:07,99 ExportSystem INFO Saved JSON to file y\api_devices.json
21:31:07,99 ExportSystem INFO 
Exporting api Ian Xu account cache...
21:31:07,99 ExportSystem DEBUG Api Ian Xu account cache --> api_account.json
21:31:07,100 ExportSystem INFO Saved JSON to file y\api_account.json
21:31:07,101 ExportSystem INFO Api Ian Xu request stats: 170 last hour, 169 last minute
